31/05/2016 10:49:59 | PDTXP01 | Start
31/05/2016 10:49:59 | PDTXP01 | Pas de disque USB
31/05/2016 10:50:31 | PDTXP01 | Start
31/05/2016 10:50:31 | PDTXP01 | Pas de disque USB
31/05/2016 10:53:20 | PDTXP01 | Start
31/05/2016 10:53:23 | PDTXP01 | Pas de disque USB
31/05/2016 11:07:03 | PDTXP01 | Start
31/05/2016 11:07:03 | PDTXP01 | Pas de disque USB
31/05/2016 12:21:02 | PDTXP01 | Start
31/05/2016 12:21:02 | PDTXP01 | Pas de disque USB
31/05/2016 12:44:14 | PDTXP01 | Start
31/05/2016 12:44:14 | PDTXP01 | Pas de disque USB
31/05/2016 14:00:27 | PRO-LAP-59-11 | Start
31/05/2016 14:00:27 | PRO-LAP-59-11 | USB=F:
31/05/2016 14:00:27 | PRO-LAP-59-11 | Fin de creation du xml
31/05/2016 14:12:10 | PRO-LAP-59-11 | Start
31/05/2016 14:12:11 | PRO-LAP-59-11 | USB=F:
31/05/2016 14:12:11 | PRO-LAP-59-11 | Fin de creation du xml
31/05/2016 14:13:22 | PRO-LAP-59-11 | Start
31/05/2016 14:13:22 | PRO-LAP-59-11 | USB=F:
31/05/2016 14:13:22 | PRO-LAP-59-11 | Fin de creation du xml
31/05/2016 14:14:31 | PRO-LAP-59-11 | Start
31/05/2016 14:14:32 | PRO-LAP-59-11 | USB=F:
31/05/2016 14:14:32 | PRO-LAP-59-11 | Fin de creation du xml
31/05/2016 14:33:58 | PDTXP01 | Start
31/05/2016 14:33:58 | PDTXP01 | Pas de disque USB
31/05/2016 14:46:32 | PDTXP01 | Start
31/05/2016 14:46:32 | PDTXP01 | Pas de disque USB
20/06/2016 15:55:22 | 20051-TESTXP | Start
20/06/2016 15:55:23 | 20051-TESTXP | USB=H:
20/06/2016 15:55:23 | 20051-TESTXP | Fin de creation du xml
20/06/2016 15:58:48 | 20051-TESTXP | Start
20/06/2016 15:58:48 | 20051-TESTXP | USB=H:
20/06/2016 15:58:48 | 20051-TESTXP | Fin de creation du xml
20/06/2016 16:12:32 | 20051-TESTXP | Start
20/06/2016 16:12:33 | 20051-TESTXP | USB=H:
20/06/2016 16:12:33 | 20051-TESTXP | Fin de creation du xml
20/06/2016 16:57:06 | 20051-TESTXP | Start
20/06/2016 16:57:06 | 20051-TESTXP | USB=H:
20/06/2016 16:57:06 | 20051-TESTXP | Fin de creation du xml
20/06/2016 17:52:16 | 20051-TESTXP | Start
20/06/2016 17:52:16 | 20051-TESTXP | USB=H:
20/06/2016 17:52:16 | 20051-TESTXP | Fin de creation du xml
15/09/2016 15:52:09 | ZGIE6056 | Start
15/09/2016 15:52:09 | ZGIE6056 | USB=G:
15/09/2016 15:52:09 | ZGIE6056 | Fin de creation du xml
16/09/2016 08:59:17 | ZGIE6056 | Start
16/09/2016 08:59:18 | ZGIE6056 | USB=I:
16/09/2016 08:59:18 | ZGIE6056 | Fin de creation du xml
16/09/2016 09:00:06 | ZGIE6056 | Start
16/09/2016 09:00:06 | ZGIE6056 | USB=I:
16/09/2016 09:00:06 | ZGIE6056 | Fin de creation du xml
16/09/2016 09:10:51 | ZGIE6056 | Start
16/09/2016 09:10:51 | ZGIE6056 | USB=I:
16/09/2016 09:10:51 | ZGIE6056 | Fin de creation du xml
16/09/2016 09:15:29 | ZGIE6056 | Start
16/09/2016 09:15:29 | ZGIE6056 | USB=I:
16/09/2016 09:15:29 | ZGIE6056 | Fin de creation du xml
16/09/2016 09:31:16 | ZGIE6056 | Start
16/09/2016 09:31:16 | ZGIE6056 | USB=I:
16/09/2016 09:31:16 | ZGIE6056 | Fin de creation du xml
16/09/2016 09:33:01 | ZGIE6056 | Start
16/09/2016 09:33:01 | ZGIE6056 | USB=I:
16/09/2016 09:33:01 | ZGIE6056 | Fin de creation du xml
16/09/2016 09:35:09 | ZGIE6056 | Start
16/09/2016 09:35:09 | ZGIE6056 | USB=I:
16/09/2016 09:35:09 | ZGIE6056 | Fin de creation du xml
03/01/1980 23:12:03 | BLR026 | Start
03/01/1980 23:12:03 | BLR026 | USB=G:
03/01/1980 23:12:03 | BLR026 | Fin de creation du xml
28/09/2016 11:14:04 | 20051-TESTXP | Start
28/09/2016 11:14:04 | 20051-TESTXP | Pas de disque USB
28/09/2016 12:02:48 | 20051-TESTXP | Start
28/09/2016 12:02:48 | 20051-TESTXP | Pas de disque USB
28/09/2016 12:03:11 | 20051-TESTXP | Start
28/09/2016 12:03:11 | 20051-TESTXP | Pas de disque USB
28/09/2016 15:22:08 | 20051-TESTXP | Start
28/09/2016 15:22:08 | 20051-TESTXP | Pas de disque USB
03/10/2016 19:35:39 | PRO-LAP-59-11 | Start
03/10/2016 19:35:40 | PRO-LAP-59-11 | USB=E:
03/10/2016 19:35:40 | PRO-LAP-59-11 | Fin de creation du xml
03/10/2016 20:32:07 | PRO-LAP-59-11 | Start
03/10/2016 20:32:07 | PRO-LAP-59-11 | USB=E:
03/10/2016 20:32:07 | PRO-LAP-59-11 | Fin de creation du xml
09/10/2016 22:44:41 | 20051-TESTXP | Start
09/10/2016 22:44:41 | 20051-TESTXP | Pas de disque USB
10/10/2016 00:08:45 | 20051-TESTXP | Start
10/10/2016 00:08:45 | 20051-TESTXP | Pas de disque USB
10/10/2016 01:34:01 | 20051-TESTXP | Start
10/10/2016 01:34:02 | 20051-TESTXP | Pas de disque USB
10/10/2016 01:35:26 | 20051-TESTXP | Start
10/10/2016 01:35:26 | 20051-TESTXP | Pas de disque USB
10/10/2016 01:35:53 | 20051-TESTXP | Start
10/10/2016 01:35:53 | 20051-TESTXP | Pas de disque USB
10/10/2016 01:38:22 | 20051-TESTXP | Start
10/10/2016 01:38:22 | 20051-TESTXP | Pas de disque USB
14/10/2016 23:55:06 | 20051-TESTXP | Start
14/10/2016 23:55:06 | 20051-TESTXP | Pas de disque USB
15/10/2016 01:01:27 | 20051-TESTXP | Start
15/10/2016 01:01:27 | 20051-TESTXP | Pas de disque USB
15/10/2016 01:06:19 | 20051-TESTXP | Start
15/10/2016 01:06:19 | 20051-TESTXP | Pas de disque USB
08/11/2016 11:29:06 | PC0BMUL5 | Start
08/11/2016 11:29:07 | PC0BMUL5 | USB=E:
08/11/2016 11:29:07 | PC0BMUL5 | Fin de creation du xml
